<?xml version="1.0" encoding="UTF-8"?>
<testng-results ignored="0" total="1" passed="1" failed="0" skipped="0">
  <reporter-output>
  </reporter-output>
  <suite started-at="2020-08-08T13:07:57Z" name="Suite" finished-at="2020-08-08T13:08:18Z" duration-ms="21570">
    <groups>
    </groups>
    <test started-at="2020-08-08T13:07:57Z" name="Test" finished-at="2020-08-08T13:08:18Z" duration-ms="21570">
      <class name="testcases.LoginPageTest">
        <test-method is-config="true" signature="setUp()[pri:0, instance:testcases.LoginPageTest@4c15e7fd]" started-at="2020-08-08T13:07:57Z" name="setUp" finished-at="2020-08-08T13:08:17Z" duration-ms="20338" status="PASS">
          <reporter-output>
          </reporter-output>
        </test-method> <!-- setUp -->
        <test-method signature="loginPageTitleTest()[pri:1, instance:testcases.LoginPageTest@4c15e7fd]" started-at="2020-08-08T13:08:17Z" name="loginPageTitleTest" finished-at="2020-08-08T13:08:17Z" duration-ms="20" status="PASS">
          <reporter-output>
          </reporter-output>
        </test-method> <!-- loginPageTitleTest -->
        <test-method is-config="true" signature="tearDown()[pri:0, instance:testcases.LoginPageTest@4c15e7fd]" started-at="2020-08-08T13:08:17Z" name="tearDown" finished-at="2020-08-08T13:08:18Z" duration-ms="1186" status="PASS">
          <reporter-output>
          </reporter-output>
        </test-method> <!-- tearDown -->
      </class> <!-- testcases.LoginPageTest -->
    </test> <!-- Test -->
  </suite> <!-- Suite -->
</testng-results>
